2026-07-07 14:17:44,241 | WARNING  | QUANT_SYSTEM | ﾎｴ魹ｽ魹ｽ箏ｽ DATA_API_KEY魹ｽ魹ｽﾏｵﾍｳ魹ｽ魹ｽ魹ｽ魹ｽ魹ｽ魹ｽ魹ｽ魹ｽ API 魹ｽ魹ｽﾔｿﾄ｣ﾊｽ
2026-07-07 14:17:48,888 | INFO     | QUANT_SYSTEM | 
==================================================
2026-07-07 14:17:48,912 | INFO     | QUANT_SYSTEM | [魹ｽ魹ｽ魹ｽ魹ｽ魹ｽ魹ｽ魹ｽ魹ｽ]: yfinance 魹ｽﾅｻ魹ｽ魹ｽﾆｾ魹ｽ魹ｽ魹ｽ魹ｽﾜｸ魹ｽ魹ｽﾙｽ魹ｽ魹ｽ魹ｽ
2026-07-07 14:17:48,912 | INFO     | QUANT_SYSTEM | ==================================================
2026-07-07 16:42:05,835 | INFO     | QUANT_SYSTEM | 
==================================================
2026-07-07 16:42:05,866 | INFO     | QUANT_SYSTEM |  (魹ｽ魹ｽﾐｩﾖｸ魹ｽ彽ｫﾗｪ魹ｽ魹ｽﾎｪ魹ｽ魹ｽ魹ｽ魹ｽﾗｴﾌｬ魹ｽ魹ｽ魹ｽ魹ｽ DQN ﾇｿ魹ｽ魹ｽﾑｧﾏｰ魹ｽ魹ｽ魹ｽ魹ｽ魹ｽ魹ｽﾛｲ魹ｽ)
2026-07-07 16:42:05,867 | INFO     | QUANT_SYSTEM | ==================================================
2026-07-07 16:42:15,512 | WARNING  | QUANT_SYSTEM | ﾎｴ魹ｽ魹ｽ箏ｽ DATA_API_KEY魹ｽ魹ｽﾏｵﾍｳ魹ｽ魹ｽ魹ｽ魹ｽ魹ｽ魹ｽ魹ｽ魹ｽ API 魹ｽ魹ｽﾔｿﾄ｣ﾊｽ
2026-07-07 16:42:16,299 | INFO     | QUANT_SYSTEM | 
==================================================
2026-07-07 16:42:16,299 | INFO     | QUANT_SYSTEM | 魹ｽ魹ｽ魹ｽ魹ｽﾏｵﾍｳ魹ｽ魹ｽﾊｼ魹ｽ魹ｽ魹ｽ魹ｽ魹ｽ魹ｽ (1/3)
2026-07-07 16:42:16,299 | INFO     | QUANT_SYSTEM | [魹ｽ魹ｽ魹ｽ魹ｽ魹ｽ魹ｽ魹ｽ魹ｽ]: yfinance 魹ｽﾅｻ魹ｽ魹ｽﾆｾ魹ｽ魹ｽ魹ｽ魹ｽﾜｸ魹ｽ魹ｽﾙｽ魹ｽ魹ｽ魹ｽ
2026-07-07 16:42:16,299 | INFO     | QUANT_SYSTEM | ==================================================
2026-07-07 16:42:25,093 | INFO     | QUANT_SYSTEM | 
==================================================
2026-07-07 16:42:25,093 | INFO     | QUANT_SYSTEM | 魹ｽﾗｲ羮ｼ魹ｽ魹ｽﾖｸ魹ｽ魹ｽ魹ｽ魹ｽ魹ｽﾎ｢魹ｽ魹ｽ (2/3)
2026-07-07 16:42:25,093 | INFO     | QUANT_SYSTEM |  (魹ｽ魹ｽﾐｩﾖｸ魹ｽ彽ｫﾗｪ魹ｽ魹ｽﾎｪ魹ｽ魹ｽ魹ｽ魹ｽﾗｴﾌｬ魹ｽ魹ｽ魹ｽ魹ｽ DQN ﾇｿ魹ｽ魹ｽﾑｧﾏｰ魹ｽ魹ｽ魹ｽ魹ｽ魹ｽ魹ｽﾛｲ魹ｽ)
2026-07-07 16:42:25,094 | INFO     | QUANT_SYSTEM | ==================================================
2026-07-07 16:42:29,729 | INFO     | QUANT_SYSTEM | 
==================================================
2026-07-07 16:42:29,730 | INFO     | QUANT_SYSTEM | DQN ﾇｿ魹ｽ魹ｽﾑｧﾏｰ魹ｽ魹ｽ魹ｽ魹ｽ魹ｽ魹ｽ魹ｽ魹ｽ魹ｽ魹ｽ魹ｽ魹ｽﾑ｡魹ｽ魹ｽ魹ｽ魹ｽ魹ｽ (3/3)
2026-07-07 16:42:29,730 | INFO     | QUANT_SYSTEM |  (魹ｽ魹ｽ魹ｽ魹ｽ y 魹ｽ魹ｽ魹ｽ魹ｽ魹ｽ魹ｽﾎｹ魹ｽ魹ｽﾇｿ魹ｽ魹ｽﾑｧﾏｰ魹ｽ魹ｽ魹ｽ魹ｽ, 魹ｽ魹ｽ魹ｽ魹ｽ n 魹ｽﾞｳ魹ｽ魹ｽ魹ｽﾖｱ魹ｽﾓｻﾘｳ魹ｽﾄｬ魹ｽ魹ｽﾈｫﾑ｡)
2026-07-07 16:42:29,734 | INFO     | QUANT_SYSTEM | ==================================================
2026-07-07 16:42:29,971 | INFO     | QUANT_SYSTEM | ==================================================

2026-07-07 16:42:29,972 | INFO     | QUANT_SYSTEM | 
############################################################
2026-07-07 16:42:29,972 | INFO     | QUANT_SYSTEM | Deep Reinforcement Learning (DRL) 魹ｽ魹ｽ魹ｽ魹ｽ魹ｽ魹ｽ魹ｽ魹ｽ魹ｽ魹ｽ魹ｽ魹ｽ...
2026-07-07 16:42:29,972 | INFO     | QUANT_SYSTEM |  [魹ｽ魹ｽ魹ｽ魹ｽﾓｲ魹ｽ魹ｽ]: 魹ｽ魹ｽ魹ｽ檞ｦ魹ｽ魹ｽ魹ｽ魹ｽ (CPU)
2026-07-07 16:42:29,972 | INFO     | QUANT_SYSTEM |  [魹ｽﾛｲ魹ｽﾕｼ魹ｽ]: ['MA', 'TREND', 'RSI', 'MACD', 'BB', 'KDJ', 'ATR'] (ﾗｴﾌｬﾎｬ魹ｽ魹ｽ: 7)
2026-07-07 16:42:29,973 | INFO     | QUANT_SYSTEM |  [魹ｽ魹ｽ魹ｽﾟｺ魹ｽ魹ｽ魹ｽ]: DQN (Deep Q-Network) 魹ｽ魹ｽ魹ｽﾜｲ魹ｽ魹ｽ魹ｽ魹ｽ魹ｽ魹ｽ魹ｽ魹ｽ魹ｽ魹ｽﾔｴ魹ｽ魹ｽ魹ｽ魹ｽ魹ｽ
2026-07-07 16:42:29,973 | INFO     | QUANT_SYSTEM |  [魹ｽ魹ｽ魹ｽ魹ｽ魹ｽ魹ｽ魹ｽ]: 魹ｽﾔｶ魹ｽ魹ｽ魹ｽﾐｴﾓｲ魹ｽ魹ｽ魹ｽﾄｼ魹ｽ 'quant_brain_dqn.pth' 魹ｽ魹ｽ魹ｽﾐｿ魹ｽ魹ｽﾊｲ魹ｽ魹ｽ魹ｽ魹ｽ魹ｽ
2026-07-07 16:42:29,973 | INFO     | QUANT_SYSTEM | ############################################################

2026-07-07 16:42:29,973 | INFO     | QUANT_SYSTEM | 
[1/1]魹ｽ魹ｽ魹ｽﾚｽ魹ｽ魹ｽ魹ｽ魹ｽ魹ｽ魹ｽ魹ｽﾍｶ魹ｽ魹ｽﾊｵﾕｽ魹ｽ魹ｽ魹ｽ魹ｽ: AAPL
2026-07-07 16:43:45,103 | INFO     | QUANT_SYSTEM | 
============================================================
2026-07-07 16:43:45,109 | INFO     | QUANT_SYSTEM | ============================================================
2026-07-07 16:43:45,111 | INFO     | QUANT_SYSTEM | ------------------------------------------------------------
2026-07-07 16:43:45,116 | INFO     | QUANT_SYSTEM | ------------------------------------------------------------
2026-07-07 16:43:45,121 | INFO     | QUANT_SYSTEM | ============================================================

2026-07-07 16:43:46,098 | INFO     | QUANT_SYSTEM | 魹ｽ魹ｽ魹ｽ魹ｽ魹ｽ魹ｽ魹ｽﾌｳﾉｹ魹ｽ | ﾈｫ魹ｽ魹ｽ魹ｽ魹ｽ魹ｽ魹ｽ魹ｽ魹ｽ魹ｽﾋｱ魹ｽ: data/AAPL_backtest_ledger.csv
2026-07-07 16:43:46,099 | INFO     | QUANT_SYSTEM | 魹ｽ魹ｽﾖｵ魹ｽ魹ｽﾈｾ魹ｽﾉｹ魹ｽ | 魹ｽ魹ｽ魹ｽ魹ｽ魹ｽ魹ｽﾘｲ魹ｽﾈｫ魹ｽ魹ｽ: reports/AAPL_equity_curve.png
2026-07-07 16:43:46,099 | INFO     | QUANT_SYSTEM | 
============================================================
2026-07-07 16:43:46,099 | INFO     | QUANT_SYSTEM | 魹ｽ魹ｽ魹ｽ魹ｽ魹ｽﾇｿ魹ｽ魹ｽﾑｧﾏｰ魹ｽ魹ｽ魹ｽ魹ｽ魹ｽﾉｹ魹ｽ魹ｽ魹ｽ魹ｽ魹ｽ魹ｽﾐｼ魹ｽ魹ｽ魹ｽﾊｲ魹ｽﾊｵﾕｽﾑｵ魹ｽ魹ｽ魹ｽ魹ｽﾈｫ魹ｽ魹ｽ魹ｽ魹ｽﾉ｣魹ｽ
2026-07-07 16:43:46,099 | INFO     | QUANT_SYSTEM | 魹ｽﾉｹ魹ｽ魹ｽ魹ｽ魹ｽ魹ｽ魹ｽ魹ｽﾜｾ魹ｽ魹ｽ魹ｽ魹ｽ魹ｽﾘｲ魹ｽﾄｹ魹ｽﾆｱ魹ｽ魹ｽ魹ｽ魹ｽ: 1/1
2026-07-07 16:43:46,099 | INFO     | QUANT_SYSTEM | ============================================================

2026-07-10 14:34:59,700 | INFO     | QUANT_SYSTEM | 魹ｽﾉｹ魹ｽ魹ｽ魹ｽ魹ｽ魹ｽ魹ｽ魹ｽ魹ｽ魹ｽ魹ｽ魹ｽ魹ｽﾄｼ魹ｽ (config.yaml) 魹ｽﾐｼ魹ｽ魹ｽ魹ｽﾏｵﾍｳ魹ｽ魹ｽ魹ｽﾐｲ魹ｽ魹ｽ魹ｽ魹ｽ魹ｽ
2026-07-10 14:35:00,127 | INFO     | QUANT_SYSTEM |   -> [魹ｽﾔｶ魹ｽ魹ｽ魹ｽ魹ｽ魹ｽ魹ｽ] 魹ｽﾉｹ魹ｽ魹ｽ魹ｽ魹ｽﾘｼ魹ｽ魹ｽ魹ｽﾖｸ魹ｽ魹ｽ魹ｽ魹ｽ: ATR
2026-07-10 14:35:00,135 | INFO     | QUANT_SYSTEM |   -> [魹ｽﾔｶ魹ｽ魹ｽ魹ｽ魹ｽ魹ｽ魹ｽ] 魹ｽﾉｹ魹ｽ魹ｽ魹ｽ魹ｽﾘｼ魹ｽ魹ｽ魹ｽﾖｸ魹ｽ魹ｽ魹ｽ魹ｽ: BB
2026-07-10 14:35:00,168 | INFO     | QUANT_SYSTEM |   -> [魹ｽﾔｶ魹ｽ魹ｽ魹ｽ魹ｽ魹ｽ魹ｽ] 魹ｽﾉｹ魹ｽ魹ｽ魹ｽ魹ｽﾘｼ魹ｽ魹ｽ魹ｽﾖｸ魹ｽ魹ｽ魹ｽ魹ｽ: MA
2026-07-10 14:35:00,169 | INFO     | QUANT_SYSTEM |   -> [魹ｽﾔｶ魹ｽ魹ｽ魹ｽ魹ｽ魹ｽ魹ｽ] 魹ｽﾉｹ魹ｽ魹ｽ魹ｽ魹ｽﾘｼ魹ｽ魹ｽ魹ｽﾖｸ魹ｽ魹ｽ魹ｽ魹ｽ: MACD
2026-07-10 14:35:00,169 | INFO     | QUANT_SYSTEM |   -> [魹ｽﾔｶ魹ｽ魹ｽ魹ｽ魹ｽ魹ｽ魹ｽ] 魹ｽﾉｹ魹ｽ魹ｽ魹ｽ魹ｽﾘｼ魹ｽ魹ｽ魹ｽﾖｸ魹ｽ魹ｽ魹ｽ魹ｽ: RSI
2026-07-10 14:35:00,575 | WARNING  | QUANT_SYSTEM | ﾎｴ魹ｽ魹ｽ箏ｽ DATA_API_KEY魹ｽ魹ｽﾏｵﾍｳ魹ｽ魹ｽ魹ｽ魹ｽ魹ｽ魹ｽ魹ｽ魹ｽ API 魹ｽ魹ｽﾔｿﾄ｣ﾊｽ
2026-07-10 14:35:04,936 | INFO     | QUANT_SYSTEM | 
==================================================
2026-07-10 14:35:04,936 | INFO     | QUANT_SYSTEM | 魹ｽ魹ｽ魹ｽ魹ｽﾏｵﾍｳ魹ｽ魹ｽﾊｼ魹ｽ魹ｽ魹ｽ魹ｽ魹ｽ魹ｽ (1/3)
2026-07-10 14:35:04,936 | INFO     | QUANT_SYSTEM | [魹ｽ魹ｽ魹ｽ魹ｽ魹ｽ魹ｽ魹ｽ魹ｽ]: yfinance 魹ｽﾅｻ魹ｽ魹ｽﾆｾ魹ｽ魹ｽ魹ｽ魹ｽﾜｸ魹ｽ魹ｽﾙｽ魹ｽ魹ｽ魹ｽ
2026-07-10 14:35:04,936 | INFO     | QUANT_SYSTEM | ==================================================
